TN:
SF:src\controllers\authController.ts
FN:5,login
FN:17,(anonymous_9)
FN:37,logout
FN:46,(anonymous_11)
FN:48,(anonymous_12)
FN:61,getSessionInfo
FNF:6
FNH:6
FNDA:6,login
FNDA:3,(anonymous_9)
FNDA:6,logout
FNDA:3,(anonymous_11)
FNDA:2,(anonymous_12)
FNDA:2,getSessionInfo
DA:2,2
DA:3,2
DA:5,2
DA:7,6
DA:8,1
DA:14,5
DA:15,5
DA:17,3
DA:18,3
DA:19,2
DA:23,2
DA:24,1
DA:29,1
DA:37,2
DA:38,6
DA:39,3
DA:45,3
DA:46,3
DA:47,3
DA:48,2
DA:49,2
DA:50,1
DA:54,2
DA:61,2
DA:62,2
DA:63,2
DA:64,1
LF:27
LH:27
BRDA:7,0,0,1
BRDA:7,1,0,6
BRDA:7,1,1,5
BRDA:18,2,0,1
BRDA:23,3,0,1
BRDA:23,3,1,1
BRDA:38,4,0,3
BRDA:38,5,0,6
BRDA:38,5,1,4
BRDA:38,6,0,6
BRDA:38,6,1,5
BRDA:47,7,0,1
BRDA:49,8,0,1
BRDA:63,9,0,1
BRF:14
BRH:14
end_of_record
TN:
SF:src\controllers\signupController.ts
FN:13,signup
FN:14,(anonymous_8)
FNF:2
FNH:2
FNDA:2,signup
FNDA:12,(anonymous_8)
DA:2,2
DA:3,2
DA:4,2
DA:13,2
DA:14,2
DA:15,12
DA:17,12
DA:18,7
DA:19,7
DA:20,7
DA:21,7
DA:22,7
DA:23,7
DA:29,5
DA:30,5
DA:31,4
DA:32,1
DA:38,3
DA:40,2
DA:49,1
DA:51,3
LF:21
LH:21
BRDA:15,0,0,11
BRDA:15,0,1,1
BRDA:15,1,0,12
BRDA:15,1,1,12
BRDA:17,2,0,7
BRDA:17,3,0,12
BRDA:17,3,1,8
BRDA:17,3,2,7
BRDA:17,3,3,6
BRDA:19,4,0,4
BRDA:20,5,0,4
BRDA:21,6,0,3
BRDA:22,7,0,3
BRDA:31,8,0,1
BRF:14
BRH:14
end_of_record
TN:
SF:src\interfaces\UserDTO.ts
FN:12,toUserDTO
FNF:1
FNH:1
FNDA:4,toUserDTO
DA:12,3
DA:13,4
LF:2
LH:2
BRDA:18,0,0,2
BRDA:18,0,1,2
BRDA:18,1,0,4
BRDA:18,1,1,2
BRDA:19,2,0,3
BRDA:19,2,1,1
BRDA:19,3,0,4
BRDA:19,3,1,3
BRF:8
BRH:8
end_of_record
TN:
SF:src\interfaces\errors\InvalidCredentialsError.ts
FN:4,(anonymous_0)
FNF:1
FNH:1
FNDA:4,(anonymous_0)
DA:3,5
DA:5,4
DA:9,5
LF:3
LH:3
BRDA:4,0,0,3
BRF:1
BRH:1
end_of_record
TN:
SF:src\middleware\routeProtection.ts
FN:3,isLoggedIn
FNF:1
FNH:1
FNDA:4,isLoggedIn
DA:3,1
DA:4,4
DA:5,3
LF:3
LH:3
BRDA:4,0,0,1
BRDA:4,1,0,4
BRDA:4,1,1,2
BRF:3
BRH:3
end_of_record
TN:
SF:src\routes\authRoutes.ts
FNF:0
FNH:0
DA:1,1
DA:2,1
DA:4,1
DA:7,1
DA:9,1
DA:11,1
DA:13,1
LF:7
LH:7
BRF:0
BRH:0
end_of_record
TN:
SF:src\routes\citizenRoutes.ts
FNF:0
FNH:0
DA:1,1
DA:2,1
DA:4,1
DA:7,1
DA:9,1
LF:5
LH:5
BRF:0
BRH:0
end_of_record
TN:
SF:src\services\authService.ts
FN:6,authenticate
FN:7,(anonymous_10)
FN:8,(anonymous_11)
FN:16,getSession
FNF:4
FNH:4
FNDA:3,authenticate
FNDA:3,(anonymous_10)
FNDA:3,(anonymous_11)
FNDA:5,getSession
DA:1,3
DA:4,3
DA:6,3
DA:7,3
DA:8,3
DA:9,3
DA:10,2
DA:11,1
DA:16,3
DA:17,5
DA:18,1
DA:20,4
LF:12
LH:12
BRDA:9,0,0,1
BRDA:10,1,0,1
BRDA:17,2,0,1
BRDA:17,3,0,5
BRDA:17,3,1,4
BRDA:17,3,2,3
BRF:6
BRH:6
end_of_record
TN:
SF:src\services\passwordService.ts
FN:5,hashPassword
FN:12,verifyPassword
FNF:2
FNH:2
FNDA:3,hashPassword
FNDA:6,verifyPassword
DA:1,3
DA:5,3
DA:6,3
DA:7,2
DA:8,1
DA:12,3
DA:13,6
DA:14,3
LF:8
LH:8
BRDA:13,0,0,3
BRDA:13,1,0,6
BRDA:13,1,1,4
BRF:3
BRH:3
end_of_record
TN:
SF:src\services\userService.ts
FN:6,findByEmail
FN:12,findById
FN:18,createUser
FNF:3
FNH:3
FNDA:3,findByEmail
FNDA:3,findById
FNDA:3,createUser
DA:2,3
DA:4,3
DA:6,3
DA:7,3
DA:8,2
DA:9,1
DA:12,3
DA:13,3
DA:14,2
DA:15,1
DA:18,3
DA:28,3
DA:41,2
LF:13
LH:13
BRDA:8,0,0,1
BRDA:14,1,0,1
BRDA:36,2,0,1
BRDA:36,2,1,2
BRDA:36,3,0,3
BRDA:36,3,1,3
BRDA:38,4,0,1
BRDA:38,4,1,2
BRDA:38,5,0,3
BRDA:38,5,1,3
BRF:10
BRH:10
end_of_record
