TN:
SF:src\controllers\authController.ts
FN:5,login
FN:17,(anonymous_9)
FN:37,logout
FN:46,(anonymous_11)
FN:48,(anonymous_12)
FN:61,getSessionInfo
FNF:6
FNH:6
FNDA:5,login
FNDA:2,(anonymous_9)
FNDA:5,logout
FNDA:3,(anonymous_11)
FNDA:2,(anonymous_12)
FNDA:2,getSessionInfo
DA:2,1
DA:3,1
DA:5,1
DA:7,5
DA:8,1
DA:14,4
DA:15,4
DA:17,2
DA:18,2
DA:19,1
DA:23,2
DA:24,1
DA:29,1
DA:37,1
DA:38,5
DA:39,2
DA:45,3
DA:46,3
DA:47,3
DA:48,2
DA:49,2
DA:50,1
DA:54,2
DA:61,1
DA:62,2
DA:63,2
DA:64,1
LF:27
LH:27
BRDA:7,0,0,1
BRDA:7,1,0,5
BRDA:7,1,1,5
BRDA:18,2,0,1
BRDA:23,3,0,1
BRDA:23,3,1,1
BRDA:38,4,0,2
BRDA:38,5,0,5
BRDA:38,5,1,4
BRDA:38,6,0,5
BRDA:38,6,1,5
BRDA:47,7,0,1
BRDA:49,8,0,1
BRDA:63,9,0,1
BRF:14
BRH:14
end_of_record
TN:
SF:src\interfaces\errors\InvalidCredentialsError.ts
FN:4,(anonymous_0)
FNF:1
FNH:1
FNDA:1,(anonymous_0)
DA:3,2
DA:5,1
DA:9,2
LF:3
LH:3
BRDA:4,0,0,1
BRF:1
BRH:1
end_of_record
TN:
SF:src\services\authService.ts
FN:6,authenticate
FN:7,(anonymous_10)
FN:8,(anonymous_11)
FN:16,getSession
FNF:4
FNH:0
FNDA:0,authenticate
FNDA:0,(anonymous_10)
FNDA:0,(anonymous_11)
FNDA:0,getSession
DA:1,1
DA:4,1
DA:6,1
DA:7,0
DA:8,0
DA:9,0
DA:10,0
DA:11,0
DA:16,1
DA:17,0
DA:18,0
DA:20,0
LF:12
LH:4
BRDA:9,0,0,0
BRDA:10,1,0,0
BRDA:17,2,0,0
BRDA:17,3,0,0
BRDA:17,3,1,0
BRDA:17,3,2,0
BRF:6
BRH:0
end_of_record
